p/objeto9.jpg 1 0 0 48 48
p/objeto7.jpg 1 0 0 48 48
p/objeto6.jpg 1 0 0 48 48
p/objeto56.jpg 1 0 0 48 48
p/objeto55.jpg 1 0 0 48 48
p/objeto54.jpg 1 0 0 48 48
p/objeto53.jpg 1 0 0 48 48
p/objeto52.jpg 1 0 0 48 48
p/objeto51.jpg 1 0 0 48 48
p/objeto50.jpg 1 0 0 48 48
p/objeto5.jpg 1 0 0 48 48
p/objeto49.jpg 1 0 0 48 48
p/objeto48.jpg 1 0 0 48 48
p/objeto47.jpg 1 0 0 48 48
p/objeto46.jpg 1 0 0 48 48
p/objeto45.jpg 1 0 0 48 48
p/objeto44.jpg 1 0 0 48 48
p/objeto43.jpg 1 0 0 48 48
p/objeto42.jpg 1 0 0 48 48
p/objeto41.jpg 1 0 0 48 48
p/objeto40.jpg 1 0 0 48 48
p/objeto4.jpg 1 0 0 48 48
p/objeto39.jpg 1 0 0 48 48
p/objeto38.jpg 1 0 0 48 48
p/objeto37.jpg 1 0 0 48 48
p/objeto36.jpg 1 0 0 48 48
p/objeto35.jpg 1 0 0 48 48
p/objeto34.jpg 1 0 0 48 48
p/objeto33.jpg 1 0 0 48 48
p/objeto32.jpg 1 0 0 48 48
p/objeto31.jpg 1 0 0 48 48
p/objeto30.jpg 1 0 0 48 48
p/objeto3.jpg 1 0 0 48 48
p/objeto29.jpg 1 0 0 48 48
p/objeto28.jpg 1 0 0 48 48
p/objeto27.jpg 1 0 0 48 48
p/objeto26.jpg 1 0 0 48 48
p/objeto25.jpg 1 0 0 48 48
p/objeto24.jpg 1 0 0 48 48
p/objeto23.jpg 1 0 0 48 48
p/objeto22.jpg 1 0 0 48 48
p/objeto21.jpg 1 0 0 48 48
p/objeto20.jpg 1 0 0 48 48
p/objeto2.jpg 1 0 0 48 48
p/objeto19.jpg 1 0 0 48 48
p/objeto18.jpg 1 0 0 48 48
p/objeto17.jpg 1 0 0 48 48
p/objeto16.jpg 1 0 0 48 48
p/objeto15.jpg 1 0 0 48 48
p/objeto14.jpg 1 0 0 48 48
p/objeto13.jpg 1 0 0 48 48
p/objeto12.jpg 1 0 0 48 48
p/objeto11.jpg 1 0 0 48 48
p/objeto10.jpg 1 0 0 48 48
p/objeto1.jpg 1 0 0 48 48
p/objeto57.JPG 1 0 0 640 480